<?xml version="1.0" encoding="UTF-8"?>
<testsuite name="be.hogent.nthiers.GreetingResourceTest" tests="1" skipped="0" failures="0" errors="0" timestamp="2023-05-05T14:12:28" hostname="MacBook-Pro" time="0.566">
  <properties/>
  <testcase name="testHelloEndpoint()" classname="be.hogent.nthiers.GreetingResourceTest" time="0.566"/>
  <system-out><![CDATA[2023-05-05 16:12:28,603 INFO  [org.apa.cam.qua.cor.CamelBootstrapRecorder] (Test worker) Bootstrap runtime: org.apache.camel.quarkus.main.CamelMainRuntime
2023-05-05 16:12:28,613 INFO  [org.apa.cam.mai.MainSupport] (Test worker) Apache Camel (Main) 4.0.0-M2 is starting
2023-05-05 16:12:28,647 INFO  [org.apa.cam.imp.eng.AbstractCamelContext] (Test worker) Apache Camel 4.0.0-M2 (camel-1) is starting
2023-05-05 16:12:28,649 INFO  [org.apa.cam.imp.eng.AbstractCamelContext] (Test worker) Routes startup (started:0)
2023-05-05 16:12:28,649 INFO  [org.apa.cam.imp.eng.AbstractCamelContext] (Test worker) Apache Camel 4.0.0-M2 (camel-1) started in 7ms (build:0ms init:6ms start:1ms)
2023-05-05 16:12:28,705 INFO  [io.quarkus] (Test worker) application-quarkus 1.0.0-SNAPSHOT on JVM (powered by Quarkus 3.0.2.Final) started in 1.299s. Listening on: http://localhost:8081
2023-05-05 16:12:28,705 INFO  [io.quarkus] (Test worker) Profile test activated. 
2023-05-05 16:12:28,705 INFO  [io.quarkus] (Test worker) Installed features: [camel-attachments, camel-core, camel-grpc, camel-platform-http, camel-rest, cdi, config-yaml, kotlin, resteasy-reactive, resteasy-reactive-jackson, smallrye-context-propagation, vertx]
]]></system-out>
  <system-err><![CDATA[]]></system-err>
</testsuite>
